Base path: C:/Program Files/Unity/Editor/Data
Pipe name: \\.\pipe\UnityShaderCompiler-64bit-1-8876
Cmd: getPlatforms
Cmd: compileSnippet
  api=1 type=0 insize=938 outsize=214 kw= pd= ok=1
Cmd: compileSnippet
  api=1 type=1 insize=938 outsize=63 kw= pd= ok=1
Cmd: compileSnippet
  api=1 type=0 insize=932 outsize=214 kw= pd= ok=1
Cmd: compileSnippet
  api=1 type=1 insize=932 outsize=63 kw= pd= ok=1
Cmd: compileSnippet
  api=1 type=0 insize=932 outsize=214 kw= pd= ok=1
Cmd: compileSnippet
  api=1 type=1 insize=932 outsize=63 kw= pd= ok=1
Cmd: compileSnippet
  api=1 type=0 insize=938 outsize=214 kw= pd= ok=1
Cmd: compileSnippet
  api=1 type=1 insize=938 outsize=63 kw= pd= ok=1
Cmd: compileSnippet
  api=1 type=0 insize=920 outsize=214 kw= pd= ok=1
Cmd: compileSnippet
  api=1 type=1 insize=920 outsize=63 kw= pd= ok=1
Cmd: compileSnippet
  api=1 type=0 insize=932 outsize=214 kw= pd= ok=1
Cmd: compileSnippet
  api=1 type=1 insize=932 outsize=63 kw= pd= ok=1
